<?xml version="1.0" encoding="UTF-8"?>
<!-- Generated by org.testng.reporters.JUnitReportReporter -->
<testsuite hostname="DESKTOP-626S57B" failures="0" tests="2" name="projectarchiture.mavanjava.AppiumTest" time="0.003" errors="0" timestamp="2022-04-10T20:45:13 IST" skipped="0">
  <testcase classname="projectarchiture.mavanjava.AppiumTest" name="mobilehit" time="0.002"/>
  <system-out/>
  <testcase classname="projectarchiture.mavanjava.AppiumTest" name="mobileStart" time="0.001"/>
  <system-out/>
</testsuite> <!-- projectarchiture.mavanjava.AppiumTest -->
