<?xml version="1.0" encoding="UTF-8"?>
<!-- Generated by org.testng.reporters.JUnitReportReporter -->
<testsuite hostname="DESKTOP-626S57B" failures="0" tests="2" name="projectarchiture.mavanjava.APITest" time="0.012" errors="0" timestamp="2022-04-15T11:27:27 IST" skipped="0">
  <testcase classname="projectarchiture.mavanjava.APITest" name="apihit" time="0.001"/>
  <system-out/>
  <testcase classname="projectarchiture.mavanjava.APITest" name="apiStart" time="0.011"/>
  <system-out/>
</testsuite> <!-- projectarchiture.mavanjava.APITest -->
